c:\users\asus\source\repos\computergraphics\lab 04 - sample object hierarchy\build\intermediate\debug\vc141.pdb
c:\users\asus\source\repos\computergraphics\lab 04 - sample object hierarchy\build\intermediate\debug\vc141.idb
c:\users\asus\source\repos\computergraphics\lab 04 - sample object hierarchy\build\intermediate\debug\utility.obj
c:\users\asus\source\repos\computergraphics\lab 04 - sample object hierarchy\build\intermediate\debug\terrain.obj
c:\users\asus\source\repos\computergraphics\lab 04 - sample object hierarchy\build\intermediate\debug\skybox.obj
c:\users\asus\source\repos\computergraphics\lab 04 - sample object hierarchy\build\intermediate\debug\renderer.obj
c:\users\asus\source\repos\computergraphics\lab 04 - sample object hierarchy\build\intermediate\debug\quaternion.obj
c:\users\asus\source\repos\computergraphics\lab 04 - sample object hierarchy\build\intermediate\debug\model.obj
c:\users\asus\source\repos\computergraphics\lab 04 - sample object hierarchy\build\intermediate\debug\maths_funcs.obj
c:\users\asus\source\repos\computergraphics\lab 04 - sample object hierarchy\build\intermediate\debug\main.obj
c:\users\asus\source\repos\computergraphics\lab 04 - sample object hierarchy\build\intermediate\debug\joint.obj
c:\users\asus\source\repos\computergraphics\lab 04 - sample object hierarchy\build\intermediate\debug\camera.obj
c:\users\asus\source\repos\computergraphics\lab 04 - sample object hierarchy\build\intermediate\debug\animated_model.obj
c:\users\asus\source\repos\computergraphics\lab 04 - sample object hierarchy\\build\executables\debug\lab 04.pdb
c:\users\asus\source\repos\computergraphics\lab 04 - sample object hierarchy\build\intermediate\debug\lab 04.tlog\cl.command.1.tlog
c:\users\asus\source\repos\computergraphics\lab 04 - sample object hierarchy\build\intermediate\debug\lab 04.tlog\cl.read.1.tlog
c:\users\asus\source\repos\computergraphics\lab 04 - sample object hierarchy\build\intermediate\debug\lab 04.tlog\cl.write.1.tlog
c:\users\asus\source\repos\computergraphics\lab 04 - sample object hierarchy\build\intermediate\debug\lab 04.tlog\link-cvtres.read.1.tlog
c:\users\asus\source\repos\computergraphics\lab 04 - sample object hierarchy\build\intermediate\debug\lab 04.tlog\link-cvtres.write.1.tlog
c:\users\asus\source\repos\computergraphics\lab 04 - sample object hierarchy\build\intermediate\debug\lab 04.tlog\link-rc.read.1.tlog
c:\users\asus\source\repos\computergraphics\lab 04 - sample object hierarchy\build\intermediate\debug\lab 04.tlog\link-rc.write.1.tlog
c:\users\asus\source\repos\computergraphics\lab 04 - sample object hierarchy\build\intermediate\debug\lab 04.tlog\link.command.1.tlog
c:\users\asus\source\repos\computergraphics\lab 04 - sample object hierarchy\build\intermediate\debug\lab 04.tlog\link.read.1.tlog
c:\users\asus\source\repos\computergraphics\lab 04 - sample object hierarchy\build\intermediate\debug\lab 04.tlog\link.write.1.tlog
